I, [2014-04-07T11:22:34.865861 #25520]  INFO -- : **********************************************
I, [2014-04-07T11:22:34.865912 #25520]  INFO -- : **********************************************
I, [2014-04-07T11:22:35.178536 #25520]  INFO -- : Starting at job id 903
I, [2014-04-07T12:41:59.403187 #25520]  INFO -- : ------------------------------
I, [2014-04-07T12:41:59.404061 #25520]  INFO -- : It took 4764.538006539 seconds to load 24606 json files into the database
I, [2014-04-07T12:41:59.404343 #25520]  INFO -- : ------------------------------
I, [2014-04-07T13:13:52.037324 #28822]  INFO -- : **********************************************
I, [2014-04-07T13:13:52.037355 #28822]  INFO -- : **********************************************
I, [2014-04-07T13:13:52.042190 #28822]  INFO -- : Starting at job id 14548
I, [2014-04-07T13:13:52.795878 #28822]  INFO -- : ------------------------------
I, [2014-04-07T13:13:52.796342 #28822]  INFO -- : It took 0.758959054 seconds to load 4 json files into the database
I, [2014-04-07T13:13:52.796583 #28822]  INFO -- : ------------------------------
I, [2014-04-08T12:27:28.192931 #10025]  INFO -- : **********************************************
I, [2014-04-08T12:27:28.192974 #10025]  INFO -- : **********************************************
I, [2014-04-08T12:27:28.200689 #10025]  INFO -- : Starting at job id 14550
I, [2014-04-08T12:27:33.628423 #10025]  INFO -- : ------------------------------
I, [2014-04-08T12:27:33.628881 #10025]  INFO -- : It took 5.435938321 seconds to load 34 json files into the database
I, [2014-04-08T12:27:33.629054 #10025]  INFO -- : ------------------------------
I, [2014-04-08T12:30:30.909839 #10097]  INFO -- : **********************************************
I, [2014-04-08T12:30:30.909937 #10097]  INFO -- : **********************************************
I, [2014-04-08T12:30:30.917768 #10097]  INFO -- : Starting at job id 14567
I, [2014-04-08T12:30:30.920131 #10097]  INFO -- : ------------------------------
I, [2014-04-08T12:30:30.920203 #10097]  INFO -- : It took 0.010581873 seconds to load 0 json files into the database
I, [2014-04-08T12:30:30.920233 #10097]  INFO -- : ------------------------------
I, [2014-04-08T12:30:53.273119 #10106]  INFO -- : **********************************************
I, [2014-04-08T12:30:53.273156 #10106]  INFO -- : **********************************************
I, [2014-04-08T12:30:53.277481 #10106]  INFO -- : Starting at job id 14567
I, [2014-04-08T12:30:53.279750 #10106]  INFO -- : ------------------------------
I, [2014-04-08T12:30:53.279822 #10106]  INFO -- : It took 0.006751095 seconds to load 0 json files into the database
I, [2014-04-08T12:30:53.279852 #10106]  INFO -- : ------------------------------
I, [2014-04-08T12:57:47.995640 #9699]  INFO -- : **********************************************
I, [2014-04-08T12:57:47.995671 #9699]  INFO -- : **********************************************
I, [2014-04-08T12:57:47.998298 #9699]  INFO -- : Starting at job id 14548
I, [2014-04-08T12:57:52.796211 #9699]  INFO -- : ------------------------------
I, [2014-04-08T12:57:52.796310 #9699]  INFO -- : It took 4.800728605 seconds to load 38 json files into the database
I, [2014-04-08T12:57:52.796336 #9699]  INFO -- : ------------------------------
I, [2014-04-08T16:15:04.317297 #9966]  INFO -- : **********************************************
I, [2014-04-08T16:15:04.317326 #9966]  INFO -- : **********************************************
I, [2014-04-08T16:15:04.319768 #9966]  INFO -- : Starting at job id 14567
I, [2014-04-08T16:15:04.823653 #9966]  INFO -- : ------------------------------
I, [2014-04-08T16:15:04.823736 #9966]  INFO -- : It took 0.506462614 seconds to load 10 json files into the database
I, [2014-04-08T16:15:04.823777 #9966]  INFO -- : ------------------------------
I, [2014-04-10T15:07:29.531067 #17242]  INFO -- : **********************************************
I, [2014-04-10T15:07:29.531143 #17242]  INFO -- : **********************************************
I, [2014-04-10T15:07:29.540323 #17242]  INFO -- : Starting at job id 14612
I, [2014-04-10T15:07:29.542728 #17242]  INFO -- : ------------------------------
I, [2014-04-10T15:07:29.542927 #17242]  INFO -- : It took 0.011916446 seconds to load 0 json files into the database
I, [2014-04-10T15:07:29.542965 #17242]  INFO -- : ------------------------------
I, [2014-04-10T16:07:26.144056 #18540]  INFO -- : **********************************************
I, [2014-04-10T16:07:26.144090 #18540]  INFO -- : **********************************************
I, [2014-04-10T16:07:26.148359 #18540]  INFO -- : Starting at job id 14612
I, [2014-04-10T16:07:26.149047 #18540]  INFO -- : ------------------------------
I, [2014-04-10T16:07:26.149105 #18540]  INFO -- : It took 0.005109272 seconds to load 0 json files into the database
I, [2014-04-10T16:07:26.149135 #18540]  INFO -- : ------------------------------
I, [2014-04-11T16:13:30.825495 #10985]  INFO -- : **********************************************
I, [2014-04-11T16:13:30.825527 #10985]  INFO -- : **********************************************
I, [2014-04-11T16:13:30.886954 #10985]  INFO -- : Starting at job id 14573
I, [2014-04-11T16:13:46.830992 #10985]  INFO -- : ------------------------------
I, [2014-04-11T16:13:46.831080 #10985]  INFO -- : It took 16.005608839 seconds to load 132 json files into the database
I, [2014-04-11T16:13:46.831121 #10985]  INFO -- : ------------------------------
I, [2014-04-11T16:15:34.857530 #8440]  INFO -- : **********************************************
I, [2014-04-11T16:15:34.857638 #8440]  INFO -- : **********************************************
I, [2014-04-11T16:15:34.862898 #8440]  INFO -- : Starting at job id 14612
I, [2014-04-11T16:15:44.884634 #8440]  INFO -- : ------------------------------
I, [2014-04-11T16:15:44.884808 #8440]  INFO -- : It took 10.027400602 seconds to load 70 json files into the database
I, [2014-04-11T16:15:44.884844 #8440]  INFO -- : ------------------------------
I, [2014-04-14T10:35:36.177596 #3479]  INFO -- : **********************************************
I, [2014-04-14T10:35:36.188094 #3479]  INFO -- : **********************************************
I, [2014-04-14T10:35:36.197528 #3479]  INFO -- : Starting at job id 14653
I, [2014-04-14T10:35:36.311170 #3479]  INFO -- : ------------------------------
I, [2014-04-14T10:35:36.311300 #3479]  INFO -- : It took 0.133948945 seconds to load 0 json files into the database
I, [2014-04-14T10:35:36.311331 #3479]  INFO -- : ------------------------------
I, [2014-04-14T10:36:39.037684 #3516]  INFO -- : **********************************************
I, [2014-04-14T10:36:39.037726 #3516]  INFO -- : **********************************************
I, [2014-04-14T10:36:39.042342 #3516]  INFO -- : Starting at job id 14653
I, [2014-04-14T10:36:43.609645 #3516]  INFO -- : ------------------------------
I, [2014-04-14T10:36:43.610174 #3516]  INFO -- : It took 4.57243426 seconds to load 36 json files into the database
I, [2014-04-14T10:36:43.610386 #3516]  INFO -- : ------------------------------
I, [2014-04-14T10:47:36.609656 #24085]  INFO -- : **********************************************
I, [2014-04-14T10:47:36.609688 #24085]  INFO -- : **********************************************
I, [2014-04-14T10:47:36.646829 #24085]  INFO -- : Starting at job id 14653
I, [2014-04-14T10:47:40.134227 #24085]  INFO -- : ------------------------------
I, [2014-04-14T10:47:40.134334 #24085]  INFO -- : It took 3.524694902 seconds to load 36 json files into the database
I, [2014-04-14T10:47:40.134360 #24085]  INFO -- : ------------------------------
I, [2014-04-14T10:56:22.158276 #24127]  INFO -- : **********************************************
I, [2014-04-14T10:56:22.158307 #24127]  INFO -- : **********************************************
I, [2014-04-14T10:56:22.160824 #24127]  INFO -- : Starting at job id 14671
I, [2014-04-14T10:56:22.163608 #24127]  INFO -- : ------------------------------
I, [2014-04-14T10:56:22.163660 #24127]  INFO -- : It took 0.005412933 seconds to load 0 json files into the database
I, [2014-04-14T10:56:22.163686 #24127]  INFO -- : ------------------------------
I, [2014-04-14T11:29:47.802545 #24190]  INFO -- : **********************************************
I, [2014-04-14T11:29:47.802575 #24190]  INFO -- : **********************************************
I, [2014-04-14T11:29:47.805219 #24190]  INFO -- : Starting at job id 14671
I, [2014-04-14T11:29:47.807969 #24190]  INFO -- : ------------------------------
I, [2014-04-14T11:29:47.808020 #24190]  INFO -- : It took 0.005502161 seconds to load 0 json files into the database
I, [2014-04-14T11:29:47.808046 #24190]  INFO -- : ------------------------------
I, [2014-04-14T12:16:18.472707 #24284]  INFO -- : **********************************************
I, [2014-04-14T12:16:18.472738 #24284]  INFO -- : **********************************************
I, [2014-04-14T12:16:18.475261 #24284]  INFO -- : Starting at job id 14671
I, [2014-04-14T12:16:19.213983 #24284]  INFO -- : ------------------------------
I, [2014-04-14T12:16:19.214067 #24284]  INFO -- : It took 0.741387302 seconds to load 8 json files into the database
I, [2014-04-14T12:16:19.214108 #24284]  INFO -- : ------------------------------
I, [2014-04-14T12:28:39.112315 #24371]  INFO -- : **********************************************
I, [2014-04-14T12:28:39.112347 #24371]  INFO -- : **********************************************
I, [2014-04-14T12:28:39.114960 #24371]  INFO -- : Starting at job id 14675
I, [2014-04-14T12:28:39.118048 #24371]  INFO -- : ------------------------------
I, [2014-04-14T12:28:39.118103 #24371]  INFO -- : It took 0.005836471 seconds to load 0 json files into the database
I, [2014-04-14T12:28:39.118130 #24371]  INFO -- : ------------------------------
I, [2014-04-14T12:57:07.824555 #24430]  INFO -- : **********************************************
I, [2014-04-14T12:57:07.824587 #24430]  INFO -- : **********************************************
I, [2014-04-14T12:57:07.827092 #24430]  INFO -- : Starting at job id 14675
I, [2014-04-14T12:57:07.829989 #24430]  INFO -- : ------------------------------
I, [2014-04-14T12:57:07.830043 #24430]  INFO -- : It took 0.00553701 seconds to load 0 json files into the database
I, [2014-04-14T12:57:07.830069 #24430]  INFO -- : ------------------------------
I, [2014-04-14T13:47:55.158007 #24507]  INFO -- : **********************************************
I, [2014-04-14T13:47:55.158046 #24507]  INFO -- : **********************************************
I, [2014-04-14T13:47:55.160546 #24507]  INFO -- : Starting at job id 14675
I, [2014-04-14T13:47:55.163508 #24507]  INFO -- : ------------------------------
I, [2014-04-14T13:47:55.163564 #24507]  INFO -- : It took 0.005611013 seconds to load 0 json files into the database
I, [2014-04-14T13:47:55.163591 #24507]  INFO -- : ------------------------------
I, [2014-04-14T14:23:14.668019 #24570]  INFO -- : **********************************************
I, [2014-04-14T14:23:14.668051 #24570]  INFO -- : **********************************************
I, [2014-04-14T14:23:14.670651 #24570]  INFO -- : Starting at job id 14675
I, [2014-04-14T14:23:14.673631 #24570]  INFO -- : ------------------------------
I, [2014-04-14T14:23:14.673686 #24570]  INFO -- : It took 0.00571418 seconds to load 0 json files into the database
I, [2014-04-14T14:23:14.673712 #24570]  INFO -- : ------------------------------
I, [2014-04-15T17:59:27.748916 #15434]  INFO -- : **********************************************
I, [2014-04-15T17:59:27.749196 #15434]  INFO -- : **********************************************
I, [2014-04-15T17:59:27.791741 #15434]  INFO -- : Starting at job id 14675
I, [2014-04-15T17:59:42.183177 #15434]  INFO -- : ------------------------------
I, [2014-04-15T17:59:42.183265 #15434]  INFO -- : It took 14.434384484 seconds to load 132 json files into the database
I, [2014-04-15T17:59:42.183307 #15434]  INFO -- : ------------------------------
I, [2014-04-24T10:17:38.144567 #15585]  INFO -- : **********************************************
I, [2014-04-24T10:17:38.167375 #15585]  INFO -- : **********************************************
I, [2014-04-24T10:17:38.248938 #15585]  INFO -- : Starting at job id 14752
I, [2014-04-24T10:18:02.964810 #15585]  INFO -- : ------------------------------
I, [2014-04-24T10:18:02.964900 #15585]  INFO -- : It took 24.820359197 seconds to load 190 json files into the database
I, [2014-04-24T10:18:02.964942 #15585]  INFO -- : ------------------------------
I, [2014-04-25T11:25:50.520797 #31158]  INFO -- : **********************************************
I, [2014-04-25T11:25:50.538239 #31158]  INFO -- : **********************************************
I, [2014-04-25T11:25:50.726809 #31158]  INFO -- : Starting at job id 14861
I, [2014-04-25T11:25:51.645583 #31158]  INFO -- : ------------------------------
I, [2014-04-25T11:25:51.645671 #31158]  INFO -- : It took 1.124917793 seconds to load 4 json files into the database
I, [2014-04-25T11:25:51.645712 #31158]  INFO -- : ------------------------------
I, [2014-04-25T11:58:59.558397 #32719]  INFO -- : **********************************************
I, [2014-04-25T11:58:59.558428 #32719]  INFO -- : **********************************************
I, [2014-04-25T11:58:59.560839 #32719]  INFO -- : Starting at job id 14889
I, [2014-04-25T11:59:00.058149 #32719]  INFO -- : ------------------------------
I, [2014-04-25T11:59:00.058227 #32719]  INFO -- : It took 0.499856272 seconds to load 4 json files into the database
I, [2014-04-25T11:59:00.058268 #32719]  INFO -- : ------------------------------
I, [2014-04-25T11:59:00.058306 #32719]  INFO -- : ------------------------------
I, [2014-04-25T11:59:00.058331 #32719]  INFO -- : dumping database
I, [2014-04-25T11:59:00.058355 #32719]  INFO -- : ------------------------------
I, [2014-04-25T13:21:12.150306 #962]  INFO -- : **********************************************
I, [2014-04-25T13:21:12.150336 #962]  INFO -- : **********************************************
I, [2014-04-25T13:21:12.168590 #962]  INFO -- : Starting at job id 14892
I, [2014-04-25T13:21:12.171839 #962]  INFO -- : ------------------------------
I, [2014-04-25T13:21:12.171894 #962]  INFO -- : It took 0.021612403 seconds to load 0 json files into the database
I, [2014-04-25T13:21:12.171920 #962]  INFO -- : ------------------------------
I, [2014-04-25T13:21:12.171945 #962]  INFO -- : ------------------------------
I, [2014-04-25T13:21:12.171968 #962]  INFO -- : dumping database
I, [2014-04-25T13:21:12.171992 #962]  INFO -- : ------------------------------
I, [2014-04-25T13:31:47.284356 #1477]  INFO -- : **********************************************
I, [2014-04-25T13:31:47.284388 #1477]  INFO -- : **********************************************
I, [2014-04-25T13:31:47.287037 #1477]  INFO -- : Starting at job id 14892
I, [2014-04-25T13:31:47.290234 #1477]  INFO -- : ------------------------------
I, [2014-04-25T13:31:47.290288 #1477]  INFO -- : It took 0.005959066 seconds to load 0 json files into the database
I, [2014-04-25T13:31:47.290314 #1477]  INFO -- : ------------------------------
I, [2014-04-25T13:31:47.290339 #1477]  INFO -- : ------------------------------
I, [2014-04-25T13:31:47.290362 #1477]  INFO -- : dumping database
I, [2014-04-25T13:31:47.290386 #1477]  INFO -- : ------------------------------
I, [2014-04-28T15:31:13.101238 #23898]  INFO -- : **********************************************
I, [2014-04-28T15:31:13.113816 #23898]  INFO -- : **********************************************
I, [2014-04-28T15:31:13.187465 #23898]  INFO -- : Starting at job id 14892
I, [2014-04-28T15:31:22.471976 #23898]  INFO -- : ------------------------------
I, [2014-04-28T15:31:22.472069 #23898]  INFO -- : It took 9.370875945 seconds to load 82 json files into the database
I, [2014-04-28T15:31:22.472109 #23898]  INFO -- : ------------------------------
I, [2014-04-28T15:31:22.472147 #23898]  INFO -- : ------------------------------
I, [2014-04-28T15:31:22.472184 #23898]  INFO -- : dumping database
I, [2014-04-28T15:31:22.472220 #23898]  INFO -- : ------------------------------
I, [2014-04-29T17:19:10.165282 #18039]  INFO -- : **********************************************
I, [2014-04-29T17:19:10.179488 #18039]  INFO -- : **********************************************
I, [2014-04-29T17:19:10.410840 #18039]  INFO -- : Starting at job id 14952
I, [2014-04-29T17:19:15.526295 #18039]  INFO -- : ------------------------------
I, [2014-04-29T17:19:15.526381 #18039]  INFO -- : It took 5.361134124 seconds to load 36 json files into the database
I, [2014-04-29T17:19:15.526408 #18039]  INFO -- : ------------------------------
I, [2014-04-29T17:19:15.526434 #18039]  INFO -- : ------------------------------
I, [2014-04-29T17:19:15.526459 #18039]  INFO -- : dumping database
I, [2014-04-29T17:19:15.526483 #18039]  INFO -- : ------------------------------
I, [2014-04-30T17:18:14.736126 #21132]  INFO -- : **********************************************
I, [2014-04-30T17:18:14.758227 #21132]  INFO -- : **********************************************
I, [2014-04-30T17:18:14.838331 #21132]  INFO -- : Starting at job id 14974
I, [2014-04-30T17:18:17.370176 #21132]  INFO -- : ------------------------------
I, [2014-04-30T17:18:17.370263 #21132]  INFO -- : It took 2.634181595 seconds to load 16 json files into the database
I, [2014-04-30T17:18:17.370303 #21132]  INFO -- : ------------------------------
I, [2014-04-30T17:18:17.370342 #21132]  INFO -- : ------------------------------
I, [2014-04-30T17:18:17.370379 #21132]  INFO -- : dumping database
I, [2014-04-30T17:18:17.370416 #21132]  INFO -- : ------------------------------
I, [2014-05-02T14:42:07.124276 #23898]  INFO -- : **********************************************
I, [2014-05-02T14:42:07.137293 #23898]  INFO -- : **********************************************
I, [2014-05-02T14:42:07.191663 #23898]  INFO -- : Starting at job id 14985
I, [2014-05-02T14:42:21.302091 #23898]  INFO -- : ------------------------------
I, [2014-05-02T14:42:21.302179 #23898]  INFO -- : It took 14.177938093 seconds to load 118 json files into the database
I, [2014-05-02T14:42:21.302219 #23898]  INFO -- : ------------------------------
I, [2014-05-02T14:42:21.302258 #23898]  INFO -- : ------------------------------
I, [2014-05-02T14:42:21.302295 #23898]  INFO -- : dumping database
I, [2014-05-02T14:42:21.302332 #23898]  INFO -- : ------------------------------
I, [2014-05-05T17:04:19.081181 #29849]  INFO -- : **********************************************
I, [2014-05-05T17:04:19.099957 #29849]  INFO -- : **********************************************
I, [2014-05-05T17:04:19.189308 #29849]  INFO -- : Starting at job id 15081
I, [2014-05-05T17:04:24.149861 #29849]  INFO -- : ------------------------------
I, [2014-05-05T17:04:24.149955 #29849]  INFO -- : It took 5.06882464 seconds to load 32 json files into the database
I, [2014-05-05T17:04:24.149982 #29849]  INFO -- : ------------------------------
I, [2014-05-05T17:04:24.150009 #29849]  INFO -- : ------------------------------
I, [2014-05-05T17:04:24.150035 #29849]  INFO -- : dumping database
I, [2014-05-05T17:04:24.150060 #29849]  INFO -- : ------------------------------
I, [2014-05-06T10:08:29.774625 #8148]  INFO -- : **********************************************
I, [2014-05-06T10:08:29.802277 #8148]  INFO -- : **********************************************
I, [2014-05-06T10:08:29.994961 #8148]  INFO -- : Starting at job id 15157
I, [2014-05-06T10:08:33.615064 #8148]  INFO -- : ------------------------------
I, [2014-05-06T10:08:33.615155 #8148]  INFO -- : It took 3.840564403 seconds to load 26 json files into the database
I, [2014-05-06T10:08:33.615196 #8148]  INFO -- : ------------------------------
I, [2014-05-06T10:08:33.615235 #8148]  INFO -- : ------------------------------
I, [2014-05-06T10:08:33.615272 #8148]  INFO -- : dumping database
I, [2014-05-06T10:08:33.615309 #8148]  INFO -- : ------------------------------
I, [2014-05-07T17:23:41.236552 #29993]  INFO -- : **********************************************
I, [2014-05-07T17:23:41.260827 #29993]  INFO -- : **********************************************
I, [2014-05-07T17:23:41.304108 #29993]  INFO -- : Starting at job id 15190
I, [2014-05-07T17:23:58.748752 #29993]  INFO -- : ------------------------------
I, [2014-05-07T17:23:58.748839 #29993]  INFO -- : It took 17.512321262 seconds to load 140 json files into the database
I, [2014-05-07T17:23:58.748890 #29993]  INFO -- : ------------------------------
I, [2014-05-07T17:23:58.748929 #29993]  INFO -- : ------------------------------
I, [2014-05-07T17:23:58.748970 #29993]  INFO -- : dumping database
I, [2014-05-07T17:23:58.748994 #29993]  INFO -- : ------------------------------
I, [2014-05-12T13:47:08.690908 #21416]  INFO -- : **********************************************
I, [2014-05-12T13:47:08.721751 #21416]  INFO -- : **********************************************
I, [2014-05-12T13:47:08.873879 #21416]  INFO -- : Starting at job id 15285
I, [2014-05-12T13:47:16.791122 #21416]  INFO -- : ------------------------------
I, [2014-05-12T13:47:16.791218 #21416]  INFO -- : It took 8.100344872 seconds to load 76 json files into the database
I, [2014-05-12T13:47:16.791269 #21416]  INFO -- : ------------------------------
I, [2014-05-12T13:47:16.791308 #21416]  INFO -- : ------------------------------
I, [2014-05-12T13:47:16.791345 #21416]  INFO -- : dumping database
I, [2014-05-12T13:47:16.791382 #21416]  INFO -- : ------------------------------
I, [2014-05-13T13:52:09.311728 #32423]  INFO -- : **********************************************
I, [2014-05-13T13:52:09.329960 #32423]  INFO -- : **********************************************
I, [2014-05-13T13:52:09.414558 #32423]  INFO -- : Starting at job id 15325
I, [2014-05-13T13:52:10.232860 #32423]  INFO -- : ------------------------------
I, [2014-05-13T13:52:10.232944 #32423]  INFO -- : It took 0.921248079 seconds to load 4 json files into the database
I, [2014-05-13T13:52:10.232994 #32423]  INFO -- : ------------------------------
I, [2014-05-13T13:52:10.233032 #32423]  INFO -- : ------------------------------
I, [2014-05-13T13:52:10.233070 #32423]  INFO -- : dumping database
I, [2014-05-13T13:52:10.233106 #32423]  INFO -- : ------------------------------
I, [2014-05-14T10:04:07.120992 #12161]  INFO -- : **********************************************
I, [2014-05-14T10:04:07.158509 #12161]  INFO -- : **********************************************
I, [2014-05-14T10:04:07.247980 #12161]  INFO -- : Starting at job id 15333
I, [2014-05-14T10:04:10.218287 #12161]  INFO -- : ------------------------------
I, [2014-05-14T10:04:10.218372 #12161]  INFO -- : It took 3.097416585 seconds to load 26 json files into the database
I, [2014-05-14T10:04:10.218413 #12161]  INFO -- : ------------------------------
I, [2014-05-14T10:04:10.218452 #12161]  INFO -- : ------------------------------
I, [2014-05-14T10:04:10.218490 #12161]  INFO -- : dumping database
I, [2014-05-14T10:04:10.218527 #12161]  INFO -- : ------------------------------
I, [2014-05-15T06:30:10.325978 #30366]  INFO -- : **********************************************
I, [2014-05-15T06:30:10.326008 #30366]  INFO -- : **********************************************
I, [2014-05-15T06:30:10.357468 #30366]  INFO -- : Starting at job id 15347
I, [2014-05-15T06:30:16.276115 #30366]  INFO -- : ------------------------------
I, [2014-05-15T06:30:16.276203 #30366]  INFO -- : It took 5.950256806 seconds to load 52 json files into the database
I, [2014-05-15T06:30:16.276243 #30366]  INFO -- : ------------------------------
I, [2014-05-15T06:30:16.276282 #30366]  INFO -- : ------------------------------
I, [2014-05-15T06:30:16.276320 #30366]  INFO -- : dumping database
I, [2014-05-15T06:30:16.276356 #30366]  INFO -- : ------------------------------
I, [2014-05-16T06:30:10.995788 #7495]  INFO -- : **********************************************
I, [2014-05-16T06:30:11.011763 #7495]  INFO -- : **********************************************
I, [2014-05-16T06:30:11.082301 #7495]  INFO -- : Starting at job id 15376
I, [2014-05-16T06:30:16.343048 #7495]  INFO -- : ------------------------------
I, [2014-05-16T06:30:16.343136 #7495]  INFO -- : It took 5.34739445 seconds to load 44 json files into the database
I, [2014-05-16T06:30:16.343178 #7495]  INFO -- : ------------------------------
I, [2014-05-16T06:30:16.343217 #7495]  INFO -- : ------------------------------
I, [2014-05-16T06:30:16.343265 #7495]  INFO -- : dumping database
I, [2014-05-16T06:30:16.343302 #7495]  INFO -- : ------------------------------
I, [2014-05-17T06:30:09.620043 #23012]  INFO -- : **********************************************
I, [2014-05-17T06:30:09.643133 #23012]  INFO -- : **********************************************
I, [2014-05-17T06:30:09.683527 #23012]  INFO -- : Starting at job id 15402
I, [2014-05-17T06:30:15.482464 #23012]  INFO -- : ------------------------------
I, [2014-05-17T06:30:15.482556 #23012]  INFO -- : It took 5.862542774 seconds to load 50 json files into the database
I, [2014-05-17T06:30:15.482597 #23012]  INFO -- : ------------------------------
I, [2014-05-17T06:30:15.482637 #23012]  INFO -- : ------------------------------
I, [2014-05-17T06:30:15.482676 #23012]  INFO -- : dumping database
I, [2014-05-17T06:30:15.482709 #23012]  INFO -- : ------------------------------
I, [2014-05-18T06:30:03.503709 #29129]  INFO -- : **********************************************
I, [2014-05-18T06:30:03.524453 #29129]  INFO -- : **********************************************
I, [2014-05-18T06:30:03.558364 #29129]  INFO -- : Starting at job id 15430
I, [2014-05-18T06:30:03.736276 #29129]  INFO -- : ------------------------------
I, [2014-05-18T06:30:03.736351 #29129]  INFO -- : It took 0.23267121 seconds to load 0 json files into the database
I, [2014-05-18T06:30:03.736378 #29129]  INFO -- : ------------------------------
I, [2014-05-18T06:30:03.736405 #29129]  INFO -- : ------------------------------
I, [2014-05-18T06:30:03.736428 #29129]  INFO -- : dumping database
I, [2014-05-18T06:30:03.736452 #29129]  INFO -- : ------------------------------
I, [2014-05-19T06:30:03.920238 #9610]  INFO -- : **********************************************
I, [2014-05-19T06:30:03.942847 #9610]  INFO -- : **********************************************
I, [2014-05-19T06:30:03.983138 #9610]  INFO -- : Starting at job id 15430
I, [2014-05-19T06:30:04.154979 #9610]  INFO -- : ------------------------------
I, [2014-05-19T06:30:04.155044 #9610]  INFO -- : It took 0.234842344 seconds to load 0 json files into the database
I, [2014-05-19T06:30:04.155070 #9610]  INFO -- : ------------------------------
I, [2014-05-19T06:30:04.155095 #9610]  INFO -- : ------------------------------
I, [2014-05-19T06:30:04.155119 #9610]  INFO -- : dumping database
I, [2014-05-19T06:30:04.155141 #9610]  INFO -- : ------------------------------
I, [2014-05-20T06:30:09.226219 #14872]  INFO -- : **********************************************
I, [2014-05-20T06:30:09.241450 #14872]  INFO -- : **********************************************
I, [2014-05-20T06:30:09.319595 #14872]  INFO -- : Starting at job id 15430
I, [2014-05-20T06:30:14.018213 #14872]  INFO -- : ------------------------------
I, [2014-05-20T06:30:14.018309 #14872]  INFO -- : It took 4.792121006 seconds to load 44 json files into the database
I, [2014-05-20T06:30:14.018354 #14872]  INFO -- : ------------------------------
I, [2014-05-20T06:30:14.018380 #14872]  INFO -- : ------------------------------
I, [2014-05-20T06:30:14.018406 #14872]  INFO -- : dumping database
I, [2014-05-20T06:30:14.018431 #14872]  INFO -- : ------------------------------
